Compiling the CXX compiler identification source file "CMakeCXXCompilerId.cpp" failed.
Compiler: CMAKE_CXX_COMPILER-NOTFOUND 
Build flags: 
Id flags:  

The output was:
No such file or directory


Compiling the CXX compiler identification source file "CMakeCXXCompilerId.cpp" failed.
Compiler: CMAKE_CXX_COMPILER-NOTFOUND 
Build flags: 
Id flags: -c 

The output was:
No such file or directory


Compiling the CXX compiler identification source file "CMakeCXXCompilerId.cpp" failed.
Compiler: CMAKE_CXX_COMPILER-NOTFOUND 
Build flags: 
Id flags: --c++ 

The output was:
No such file or directory


Compiling the CXX compiler identification source file "CMakeCXXCompilerId.cpp" failed.
Compiler: CMAKE_CXX_COMPILER-NOTFOUND 
Build flags: 
Id flags: --ec++ 

The output was:
No such file or directory


Compiling the CXX compiler identification source file "CMakeCXXCompilerId.cpp" failed.
Compiler: CMAKE_CXX_COMPILER-NOTFOUND 
Build flags: 
Id flags: --target=arm-arm-none-eabi;-mcpu=cortex-m3 

The output was:
No such file or directory


Compiling the CXX compiler identification source file "CMakeCXXCompilerId.cpp" failed.
Compiler: CMAKE_CXX_COMPILER-NOTFOUND 
Build flags: 
Id flags:  

The output was:
No such file or directory


Compiling the CXX compiler identification source file "CMakeCXXCompilerId.cpp" failed.
Compiler: CMAKE_CXX_COMPILER-NOTFOUND 
Build flags: 
Id flags: -c 

The output was:
No such file or directory


Compiling the CXX compiler identification source file "CMakeCXXCompilerId.cpp" failed.
Compiler: CMAKE_CXX_COMPILER-NOTFOUND 
Build flags: 
Id flags: --c++ 

The output was:
No such file or directory


Compiling the CXX compiler identification source file "CMakeCXXCompilerId.cpp" failed.
Compiler: CMAKE_CXX_COMPILER-NOTFOUND 
Build flags: 
Id flags: --ec++ 

The output was:
No such file or directory


Compiling the CXX compiler identification source file "CMakeCXXCompilerId.cpp" failed.
Compiler: CMAKE_CXX_COMPILER-NOTFOUND 
Build flags: 
Id flags: --target=arm-arm-none-eabi;-mcpu=cortex-m3 

The output was:
No such file or directory


Performing C SOURCE FILE Test CMAKE_HAVE_LIBC_PTHREAD failed with the following output:
Change Dir: /home/filipjanuska/Desktop/IVS_Projekt_1/assignment/build/CMakeFiles/CMakeTmp

Run Build Command(s):/usr/bin/gmake cmTC_265be/fast && /usr/bin/gmake -f CMakeFiles/cmTC_265be.dir/build.make CMakeFiles/cmTC_265be.dir/build
gmake[1]: Entering directory '/home/filipjanuska/Desktop/IVS_Projekt_1/assignment/build/CMakeFiles/CMakeTmp'
Building C object CMakeFiles/cmTC_265be.dir/src.c.o
/usr/bin/cc   -g -O0 -fprofile-arcs -ftest-coverage -DCMAKE_HAVE_LIBC_PTHREAD   -o CMakeFiles/cmTC_265be.dir/src.c.o   -c /home/filipjanuska/Desktop/IVS_Projekt_1/assignment/build/CMakeFiles/CMakeTmp/src.c
Linking C executable cmTC_265be
/usr/bin/cmake -E cmake_link_script CMakeFiles/cmTC_265be.dir/link.txt --verbose=1
/usr/bin/cc  -g -O0 -fprofile-arcs -ftest-coverage -DCMAKE_HAVE_LIBC_PTHREAD    -rdynamic CMakeFiles/cmTC_265be.dir/src.c.o  -o cmTC_265be 
/usr/bin/ld: CMakeFiles/cmTC_265be.dir/src.c.o: in function `main':
/home/filipjanuska/Desktop/IVS_Projekt_1/assignment/build/CMakeFiles/CMakeTmp/src.c:11: undefined reference to `pthread_create'
/usr/bin/ld: /home/filipjanuska/Desktop/IVS_Projekt_1/assignment/build/CMakeFiles/CMakeTmp/src.c:12: undefined reference to `pthread_detach'
/usr/bin/ld: /home/filipjanuska/Desktop/IVS_Projekt_1/assignment/build/CMakeFiles/CMakeTmp/src.c:13: undefined reference to `pthread_join'
collect2: error: ld returned 1 exit status
gmake[1]: *** [CMakeFiles/cmTC_265be.dir/build.make:87: cmTC_265be] Error 1
gmake[1]: Leaving directory '/home/filipjanuska/Desktop/IVS_Projekt_1/assignment/build/CMakeFiles/CMakeTmp'
gmake: *** [Makefile:121: cmTC_265be/fast] Error 2


Source file was:
#include <pthread.h>

void* test_func(void* data)
{
  return data;
}

int main(void)
{
  pthread_t thread;
  pthread_create(&thread, NULL, test_func, NULL);
  pthread_detach(thread);
  pthread_join(thread, NULL);
  pthread_atfork(NULL, NULL, NULL);
  pthread_exit(NULL);

  return 0;
}

Determining if the function pthread_create exists in the pthreads failed with the following output:
Change Dir: /home/filipjanuska/Desktop/IVS_Projekt_1/assignment/build/CMakeFiles/CMakeTmp

Run Build Command(s):/usr/bin/gmake cmTC_896ac/fast && /usr/bin/gmake -f CMakeFiles/cmTC_896ac.dir/build.make CMakeFiles/cmTC_896ac.dir/build
gmake[1]: Entering directory '/home/filipjanuska/Desktop/IVS_Projekt_1/assignment/build/CMakeFiles/CMakeTmp'
Building C object CMakeFiles/cmTC_896ac.dir/CheckFunctionExists.c.o
/usr/bin/cc   -g -O0 -fprofile-arcs -ftest-coverage -DCHECK_FUNCTION_EXISTS=pthread_create   -o CMakeFiles/cmTC_896ac.dir/CheckFunctionExists.c.o   -c /usr/share/cmake/Modules/CheckFunctionExists.c
Linking C executable cmTC_896ac
/usr/bin/cmake -E cmake_link_script CMakeFiles/cmTC_896ac.dir/link.txt --verbose=1
/usr/bin/cc  -g -O0 -fprofile-arcs -ftest-coverage -DCHECK_FUNCTION_EXISTS=pthread_create    -rdynamic CMakeFiles/cmTC_896ac.dir/CheckFunctionExists.c.o  -o cmTC_896ac  -lpthreads 
/usr/bin/ld: cannot find -lpthreads
collect2: error: ld returned 1 exit status
gmake[1]: *** [CMakeFiles/cmTC_896ac.dir/build.make:87: cmTC_896ac] Error 1
gmake[1]: Leaving directory '/home/filipjanuska/Desktop/IVS_Projekt_1/assignment/build/CMakeFiles/CMakeTmp'
gmake: *** [Makefile:121: cmTC_896ac/fast] Error 2



